
lab1_code.elf:     file format elf32-avr

Sections:
Idx Name          Size      VMA       LMA       File off  Algn
  0 .data         00000000  00800100  00000126  000001ba  2**0
                  CONTENTS, ALLOC, LOAD, DATA
  1 .text         00000126  00000000  00000000  00000094  2**1
                  CONTENTS, ALLOC, LOAD, READONLY, CODE
  2 .bss          00000002  00800100  00800100  000001ba  2**0
                  ALLOC
  3 .stab         00000588  00000000  00000000  000001bc  2**2
                  CONTENTS, READONLY, DEBUGGING
  4 .stabstr      00000cd4  00000000  00000000  00000744  2**0
                  CONTENTS, READONLY, DEBUGGING
  5 .comment      00000011  00000000  00000000  00001418  2**0
                  CONTENTS, READONLY
  6 .note.gnu.avr.deviceinfo 0000003c  00000000  00000000  0000142c  2**2
                  CONTENTS, READONLY
  7 .debug_info   00000780  00000000  00000000  00001468  2**0
                  CONTENTS, READONLY, DEBUGGING
  8 .debug_abbrev 00000718  00000000  00000000  00001be8  2**0
                  CONTENTS, READONLY, DEBUGGING
  9 .debug_line   0000001a  00000000  00000000  00002300  2**0
                  CONTENTS, READONLY, DEBUGGING
 10 .debug_str    0000027d  00000000  00000000  0000231a  2**0
                  CONTENTS, READONLY, DEBUGGING

Disassembly of section .text:

00000000 <__vectors>:
   0:	0c 94 46 00 	jmp	0x8c	; 0x8c <__ctors_end>
   4:	0c 94 58 00 	jmp	0xb0	; 0xb0 <__bad_interrupt>
   8:	0c 94 58 00 	jmp	0xb0	; 0xb0 <__bad_interrupt>
   c:	0c 94 58 00 	jmp	0xb0	; 0xb0 <__bad_interrupt>
  10:	0c 94 58 00 	jmp	0xb0	; 0xb0 <__bad_interrupt>
  14:	0c 94 58 00 	jmp	0xb0	; 0xb0 <__bad_interrupt>
  18:	0c 94 58 00 	jmp	0xb0	; 0xb0 <__bad_interrupt>
  1c:	0c 94 58 00 	jmp	0xb0	; 0xb0 <__bad_interrupt>
  20:	0c 94 58 00 	jmp	0xb0	; 0xb0 <__bad_interrupt>
  24:	0c 94 58 00 	jmp	0xb0	; 0xb0 <__bad_interrupt>
  28:	0c 94 58 00 	jmp	0xb0	; 0xb0 <__bad_interrupt>
  2c:	0c 94 58 00 	jmp	0xb0	; 0xb0 <__bad_interrupt>
  30:	0c 94 58 00 	jmp	0xb0	; 0xb0 <__bad_interrupt>
  34:	0c 94 58 00 	jmp	0xb0	; 0xb0 <__bad_interrupt>
  38:	0c 94 58 00 	jmp	0xb0	; 0xb0 <__bad_interrupt>
  3c:	0c 94 58 00 	jmp	0xb0	; 0xb0 <__bad_interrupt>
  40:	0c 94 58 00 	jmp	0xb0	; 0xb0 <__bad_interrupt>
  44:	0c 94 58 00 	jmp	0xb0	; 0xb0 <__bad_interrupt>
  48:	0c 94 58 00 	jmp	0xb0	; 0xb0 <__bad_interrupt>
  4c:	0c 94 58 00 	jmp	0xb0	; 0xb0 <__bad_interrupt>
  50:	0c 94 58 00 	jmp	0xb0	; 0xb0 <__bad_interrupt>
  54:	0c 94 58 00 	jmp	0xb0	; 0xb0 <__bad_interrupt>
  58:	0c 94 58 00 	jmp	0xb0	; 0xb0 <__bad_interrupt>
  5c:	0c 94 58 00 	jmp	0xb0	; 0xb0 <__bad_interrupt>
  60:	0c 94 58 00 	jmp	0xb0	; 0xb0 <__bad_interrupt>
  64:	0c 94 58 00 	jmp	0xb0	; 0xb0 <__bad_interrupt>
  68:	0c 94 58 00 	jmp	0xb0	; 0xb0 <__bad_interrupt>
  6c:	0c 94 58 00 	jmp	0xb0	; 0xb0 <__bad_interrupt>
  70:	0c 94 58 00 	jmp	0xb0	; 0xb0 <__bad_interrupt>
  74:	0c 94 58 00 	jmp	0xb0	; 0xb0 <__bad_interrupt>
  78:	0c 94 58 00 	jmp	0xb0	; 0xb0 <__bad_interrupt>
  7c:	0c 94 58 00 	jmp	0xb0	; 0xb0 <__bad_interrupt>
  80:	0c 94 58 00 	jmp	0xb0	; 0xb0 <__bad_interrupt>
  84:	0c 94 58 00 	jmp	0xb0	; 0xb0 <__bad_interrupt>
  88:	0c 94 58 00 	jmp	0xb0	; 0xb0 <__bad_interrupt>

0000008c <__ctors_end>:
  8c:	11 24       	eor	r1, r1
  8e:	1f be       	out	0x3f, r1	; 63
  90:	cf ef       	ldi	r28, 0xFF	; 255
  92:	d0 e1       	ldi	r29, 0x10	; 16
  94:	de bf       	out	0x3e, r29	; 62
  96:	cd bf       	out	0x3d, r28	; 61

00000098 <__do_clear_bss>:
  98:	21 e0       	ldi	r18, 0x01	; 1
  9a:	a0 e0       	ldi	r26, 0x00	; 0
  9c:	b1 e0       	ldi	r27, 0x01	; 1
  9e:	01 c0       	rjmp	.+2      	; 0xa2 <.do_clear_bss_start>

000000a0 <.do_clear_bss_loop>:
  a0:	1d 92       	st	X+, r1

000000a2 <.do_clear_bss_start>:
  a2:	a2 30       	cpi	r26, 0x02	; 2
  a4:	b2 07       	cpc	r27, r18
  a6:	e1 f7       	brne	.-8      	; 0xa0 <.do_clear_bss_loop>
  a8:	0e 94 71 00 	call	0xe2	; 0xe2 <main>
  ac:	0c 94 91 00 	jmp	0x122	; 0x122 <_exit>

000000b0 <__bad_interrupt>:
  b0:	0c 94 00 00 	jmp	0	; 0x0 <__vectors>

000000b4 <debounce_switch>:
// function can be implemented at the same time.  Expects active low pushbutton on 
// Port D bit zero.  Debounce time is determined by external loop delay times 12. 
//*******************************************************************************
int8_t debounce_switch() {
  static uint16_t state = 0; //holds present state
  state = (state << 1) | (! bit_is_clear(PIND, 0)) | 0xE000;
  b4:	40 b3       	in	r20, 0x10	; 16
  b6:	20 91 00 01 	lds	r18, 0x0100	; 0x800100 <__DATA_REGION_ORIGIN__>
  ba:	30 91 01 01 	lds	r19, 0x0101	; 0x800101 <__DATA_REGION_ORIGIN__+0x1>
  be:	22 0f       	add	r18, r18
  c0:	33 1f       	adc	r19, r19
  c2:	30 6e       	ori	r19, 0xE0	; 224
  c4:	84 2f       	mov	r24, r20
  c6:	81 70       	andi	r24, 0x01	; 1
  c8:	90 e0       	ldi	r25, 0x00	; 0
  ca:	28 2b       	or	r18, r24
  cc:	39 2b       	or	r19, r25
  ce:	30 93 01 01 	sts	0x0101, r19	; 0x800101 <__DATA_REGION_ORIGIN__+0x1>
  d2:	20 93 00 01 	sts	0x0100, r18	; 0x800100 <__DATA_REGION_ORIGIN__>
  d6:	81 e0       	ldi	r24, 0x01	; 1
  d8:	21 15       	cp	r18, r1
  da:	30 4f       	sbci	r19, 0xF0	; 240
  dc:	09 f0       	breq	.+2      	; 0xe0 <debounce_switch+0x2c>
  de:	80 e0       	ldi	r24, 0x00	; 0
  if (state == 0xF000) return 1;
  return 0;
}
  e0:	08 95       	ret

000000e2 <main>:
// Check switch S0.  When found low for 12 passes of "debounce_switch(), increment
// PORTB.  This will make an incrementing count on the port B LEDS. 
//*******************************************************************************
int main()
{
DDRB = 0xFF;  //set port B to all outputs
  e2:	8f ef       	ldi	r24, 0xFF	; 255
  e4:	87 bb       	out	0x17, r24	; 23
// function can be implemented at the same time.  Expects active low pushbutton on 
// Port D bit zero.  Debounce time is determined by external loop delay times 12. 
//*******************************************************************************
int8_t debounce_switch() {
  static uint16_t state = 0; //holds present state
  state = (state << 1) | (! bit_is_clear(PIND, 0)) | 0xE000;
  e6:	40 b3       	in	r20, 0x10	; 16
  e8:	80 91 00 01 	lds	r24, 0x0100	; 0x800100 <__DATA_REGION_ORIGIN__>
  ec:	90 91 01 01 	lds	r25, 0x0101	; 0x800101 <__DATA_REGION_ORIGIN__+0x1>
  f0:	88 0f       	add	r24, r24
  f2:	99 1f       	adc	r25, r25
  f4:	90 6e       	ori	r25, 0xE0	; 224
  f6:	24 2f       	mov	r18, r20
  f8:	21 70       	andi	r18, 0x01	; 1
  fa:	30 e0       	ldi	r19, 0x00	; 0
  fc:	82 2b       	or	r24, r18
  fe:	93 2b       	or	r25, r19
 100:	90 93 01 01 	sts	0x0101, r25	; 0x800101 <__DATA_REGION_ORIGIN__+0x1>
 104:	80 93 00 01 	sts	0x0100, r24	; 0x800100 <__DATA_REGION_ORIGIN__>
  if (state == 0xF000) return 1;
 108:	81 15       	cp	r24, r1
 10a:	90 4f       	sbci	r25, 0xF0	; 240
 10c:	19 f4       	brne	.+6      	; 0x114 <main+0x32>
//*******************************************************************************
int main()
{
DDRB = 0xFF;  //set port B to all outputs
while(1){     //do forever
 if(debounce_switch()) {PORTB++;}  //if switch true for 12 passes, increment port B
 10e:	88 b3       	in	r24, 0x18	; 24
 110:	8f 5f       	subi	r24, 0xFF	; 255
 112:	88 bb       	out	0x18, r24	; 24
	#else
		//round up by default
		__ticks_dc = (uint32_t)(ceil(fabs(__tmp)));
	#endif

	__builtin_avr_delay_cycles(__ticks_dc);
 114:	8f e3       	ldi	r24, 0x3F	; 63
 116:	9f e1       	ldi	r25, 0x1F	; 31
 118:	01 97       	sbiw	r24, 0x01	; 1
 11a:	f1 f7       	brne	.-4      	; 0x118 <main+0x36>
 11c:	00 c0       	rjmp	.+0      	; 0x11e <main+0x3c>
 11e:	00 00       	nop
 120:	e2 cf       	rjmp	.-60     	; 0xe6 <main+0x4>

00000122 <_exit>:
 122:	f8 94       	cli

00000124 <__stop_program>:
 124:	ff cf       	rjmp	.-2      	; 0x124 <__stop_program>
