
bar_graph_noints_skel.elf:     file format elf32-avr

Sections:
Idx Name          Size      VMA       LMA       File off  Algn
  0 .data         00000000  00800100  0000013a  000001ae  2**0
                  CONTENTS, ALLOC, LOAD, DATA
  1 .text         0000013a  00000000  00000000  00000074  2**1
                  CONTENTS, ALLOC, LOAD, READONLY, CODE
  2 .stab         000005f4  00000000  00000000  000001b0  2**2
                  CONTENTS, READONLY, DEBUGGING
  3 .stabstr      00000d0d  00000000  00000000  000007a4  2**0
                  CONTENTS, READONLY, DEBUGGING
  4 .comment      00000011  00000000  00000000  000014b1  2**0
                  CONTENTS, READONLY
  5 .note.gnu.avr.deviceinfo 0000003c  00000000  00000000  000014c4  2**2
                  CONTENTS, READONLY
  6 .debug_info   00000780  00000000  00000000  00001500  2**0
                  CONTENTS, READONLY, DEBUGGING
  7 .debug_abbrev 00000718  00000000  00000000  00001c80  2**0
                  CONTENTS, READONLY, DEBUGGING
  8 .debug_line   0000001a  00000000  00000000  00002398  2**0
                  CONTENTS, READONLY, DEBUGGING
  9 .debug_str    0000027d  00000000  00000000  000023b2  2**0
                  CONTENTS, READONLY, DEBUGGING

Disassembly of section .text:

00000000 <__vectors>:
   0:	0c 94 46 00 	jmp	0x8c	; 0x8c <__ctors_end>
   4:	0c 94 50 00 	jmp	0xa0	; 0xa0 <__bad_interrupt>
   8:	0c 94 50 00 	jmp	0xa0	; 0xa0 <__bad_interrupt>
   c:	0c 94 50 00 	jmp	0xa0	; 0xa0 <__bad_interrupt>
  10:	0c 94 50 00 	jmp	0xa0	; 0xa0 <__bad_interrupt>
  14:	0c 94 50 00 	jmp	0xa0	; 0xa0 <__bad_interrupt>
  18:	0c 94 50 00 	jmp	0xa0	; 0xa0 <__bad_interrupt>
  1c:	0c 94 50 00 	jmp	0xa0	; 0xa0 <__bad_interrupt>
  20:	0c 94 50 00 	jmp	0xa0	; 0xa0 <__bad_interrupt>
  24:	0c 94 50 00 	jmp	0xa0	; 0xa0 <__bad_interrupt>
  28:	0c 94 50 00 	jmp	0xa0	; 0xa0 <__bad_interrupt>
  2c:	0c 94 50 00 	jmp	0xa0	; 0xa0 <__bad_interrupt>
  30:	0c 94 50 00 	jmp	0xa0	; 0xa0 <__bad_interrupt>
  34:	0c 94 50 00 	jmp	0xa0	; 0xa0 <__bad_interrupt>
  38:	0c 94 50 00 	jmp	0xa0	; 0xa0 <__bad_interrupt>
  3c:	0c 94 50 00 	jmp	0xa0	; 0xa0 <__bad_interrupt>
  40:	0c 94 50 00 	jmp	0xa0	; 0xa0 <__bad_interrupt>
  44:	0c 94 50 00 	jmp	0xa0	; 0xa0 <__bad_interrupt>
  48:	0c 94 50 00 	jmp	0xa0	; 0xa0 <__bad_interrupt>
  4c:	0c 94 50 00 	jmp	0xa0	; 0xa0 <__bad_interrupt>
  50:	0c 94 50 00 	jmp	0xa0	; 0xa0 <__bad_interrupt>
  54:	0c 94 50 00 	jmp	0xa0	; 0xa0 <__bad_interrupt>
  58:	0c 94 50 00 	jmp	0xa0	; 0xa0 <__bad_interrupt>
  5c:	0c 94 50 00 	jmp	0xa0	; 0xa0 <__bad_interrupt>
  60:	0c 94 50 00 	jmp	0xa0	; 0xa0 <__bad_interrupt>
  64:	0c 94 50 00 	jmp	0xa0	; 0xa0 <__bad_interrupt>
  68:	0c 94 50 00 	jmp	0xa0	; 0xa0 <__bad_interrupt>
  6c:	0c 94 50 00 	jmp	0xa0	; 0xa0 <__bad_interrupt>
  70:	0c 94 50 00 	jmp	0xa0	; 0xa0 <__bad_interrupt>
  74:	0c 94 50 00 	jmp	0xa0	; 0xa0 <__bad_interrupt>
  78:	0c 94 50 00 	jmp	0xa0	; 0xa0 <__bad_interrupt>
  7c:	0c 94 50 00 	jmp	0xa0	; 0xa0 <__bad_interrupt>
  80:	0c 94 50 00 	jmp	0xa0	; 0xa0 <__bad_interrupt>
  84:	0c 94 50 00 	jmp	0xa0	; 0xa0 <__bad_interrupt>
  88:	0c 94 50 00 	jmp	0xa0	; 0xa0 <__bad_interrupt>

0000008c <__ctors_end>:
  8c:	11 24       	eor	r1, r1
  8e:	1f be       	out	0x3f, r1	; 63
  90:	cf ef       	ldi	r28, 0xFF	; 255
  92:	d0 e1       	ldi	r29, 0x10	; 16
  94:	de bf       	out	0x3e, r29	; 62
  96:	cd bf       	out	0x3d, r28	; 61
  98:	0e 94 5a 00 	call	0xb4	; 0xb4 <main>
  9c:	0c 94 9b 00 	jmp	0x136	; 0x136 <_exit>

000000a0 <__bad_interrupt>:
  a0:	0c 94 00 00 	jmp	0	; 0x0 <__vectors>

000000a4 <spi_init>:
//***********************************************************************
//                            spi_init                               
//**********************************************************************
void spi_init(void){

  DDRB   |= 0x07; //output mode for SS, MOSI, SCLK
  a4:	87 b3       	in	r24, 0x17	; 23
  a6:	87 60       	ori	r24, 0x07	; 7
  a8:	87 bb       	out	0x17, r24	; 23

  SPCR   |= (1 << SPE) | (1 << MSTR); //master mode, clk low on idle, leading edge sample
  aa:	8d b1       	in	r24, 0x0d	; 13
  ac:	80 65       	ori	r24, 0x50	; 80
  ae:	8d b9       	out	0x0d, r24	; 13

  SPSR   |= (1 << SPI2X); //choose double speed operation
  b0:	70 9a       	sbi	0x0e, 0	; 14
  b2:	08 95       	ret

000000b4 <main>:
//***********************************************************************
//                            spi_init                               
//**********************************************************************
void spi_init(void){

  DDRB   |= 0x07; //output mode for SS, MOSI, SCLK
  b4:	87 b3       	in	r24, 0x17	; 23
  b6:	87 60       	ori	r24, 0x07	; 7
  b8:	87 bb       	out	0x17, r24	; 23

  SPCR   |= (1 << SPE) | (1 << MSTR); //master mode, clk low on idle, leading edge sample
  ba:	8d b1       	in	r24, 0x0d	; 13
  bc:	80 65       	ori	r24, 0x50	; 80
  be:	8d b9       	out	0x0d, r24	; 13

  SPSR   |= (1 << SPI2X); //choose double speed operation
  c0:	70 9a       	sbi	0x0e, 0	; 14
//**********************************************************************
//                                main                                 
//**********************************************************************
int main(){     

  uint8_t display_count = 0x01; //holds count for display 
  c2:	81 e0       	ldi	r24, 0x01	; 1
  uint8_t i; //dummy counter

  spi_init();  //initalize SPI port
  while(1){                             //main while loop

    SPDR = display_count;               //send display_count to the display 
  c4:	8f b9       	out	0x0f, r24	; 15

    while (bit_is_clear(SPSR,SPIF)){} //spin till SPI data has been sent
  c6:	77 9b       	sbis	0x0e, 7	; 14
  c8:	fe cf       	rjmp	.-4      	; 0xc6 <main+0x12>

    PORTB |= (1 << PORTB0);          //send rising edge to regclk on HC595 
  ca:	c0 9a       	sbi	0x18, 0	; 24

    PORTB &= (0 << PORTB0);            //send falling edge to regclk on HC595
  cc:	98 b3       	in	r25, 0x18	; 24
  ce:	18 ba       	out	0x18, r1	; 24

    display_count = (display_count << 1);//shift display_count for next time 
  d0:	88 0f       	add	r24, r24

    if(display_count == 0x80){
  d2:	80 38       	cpi	r24, 0x80	; 128
  d4:	71 f1       	breq	.+92     	; 0x132 <main+0x7e>
	#else
		//round up by default
		__ticks_dc = (uint32_t)(ceil(fabs(__tmp)));
	#endif

	__builtin_avr_delay_cycles(__ticks_dc);
  d6:	2f ef       	ldi	r18, 0xFF	; 255
  d8:	31 ee       	ldi	r19, 0xE1	; 225
  da:	94 e0       	ldi	r25, 0x04	; 4
  dc:	21 50       	subi	r18, 0x01	; 1
  de:	30 40       	sbci	r19, 0x00	; 0
  e0:	90 40       	sbci	r25, 0x00	; 0
  e2:	e1 f7       	brne	.-8      	; 0xdc <main+0x28>
  e4:	00 c0       	rjmp	.+0      	; 0xe6 <main+0x32>
  e6:	00 00       	nop
  e8:	2f ef       	ldi	r18, 0xFF	; 255
  ea:	31 ee       	ldi	r19, 0xE1	; 225
  ec:	94 e0       	ldi	r25, 0x04	; 4
  ee:	21 50       	subi	r18, 0x01	; 1
  f0:	30 40       	sbci	r19, 0x00	; 0
  f2:	90 40       	sbci	r25, 0x00	; 0
  f4:	e1 f7       	brne	.-8      	; 0xee <main+0x3a>
  f6:	00 c0       	rjmp	.+0      	; 0xf8 <main+0x44>
  f8:	00 00       	nop
  fa:	2f ef       	ldi	r18, 0xFF	; 255
  fc:	31 ee       	ldi	r19, 0xE1	; 225
  fe:	94 e0       	ldi	r25, 0x04	; 4
 100:	21 50       	subi	r18, 0x01	; 1
 102:	30 40       	sbci	r19, 0x00	; 0
 104:	90 40       	sbci	r25, 0x00	; 0
 106:	e1 f7       	brne	.-8      	; 0x100 <main+0x4c>
 108:	00 c0       	rjmp	.+0      	; 0x10a <main+0x56>
 10a:	00 00       	nop
 10c:	2f ef       	ldi	r18, 0xFF	; 255
 10e:	31 ee       	ldi	r19, 0xE1	; 225
 110:	94 e0       	ldi	r25, 0x04	; 4
 112:	21 50       	subi	r18, 0x01	; 1
 114:	30 40       	sbci	r19, 0x00	; 0
 116:	90 40       	sbci	r25, 0x00	; 0
 118:	e1 f7       	brne	.-8      	; 0x112 <main+0x5e>
 11a:	00 c0       	rjmp	.+0      	; 0x11c <main+0x68>
 11c:	00 00       	nop
 11e:	2f ef       	ldi	r18, 0xFF	; 255
 120:	31 ee       	ldi	r19, 0xE1	; 225
 122:	94 e0       	ldi	r25, 0x04	; 4
 124:	21 50       	subi	r18, 0x01	; 1
 126:	30 40       	sbci	r19, 0x00	; 0
 128:	90 40       	sbci	r25, 0x00	; 0
 12a:	e1 f7       	brne	.-8      	; 0x124 <main+0x70>
 12c:	00 c0       	rjmp	.+0      	; 0x12e <main+0x7a>
 12e:	00 00       	nop
 130:	c9 cf       	rjmp	.-110    	; 0xc4 <main+0x10>
      display_count = 1;
 132:	81 e0       	ldi	r24, 0x01	; 1
 134:	d0 cf       	rjmp	.-96     	; 0xd6 <main+0x22>

00000136 <_exit>:
 136:	f8 94       	cli

00000138 <__stop_program>:
 138:	ff cf       	rjmp	.-2      	; 0x138 <__stop_program>
